<?xml version="1.0" encoding="UTF-8"?>
<testsuite name="unitTests" tests="6" skipped="0" failures="0" errors="0" timestamp="2020-11-02T23:18:59" hostname="DESKTOP-Q2UE6D6" time="0.02">
  <properties/>
  <testcase name="is2004ALeapYear()" classname="unitTests" time="0.016"/>
  <testcase name="is2000ALeapYear()" classname="unitTests" time="0.001"/>
  <testcase name="is1752ALeapYear()" classname="unitTests" time="0.0"/>
  <testcase name="is2020ALeapYear()" classname="unitTests" time="0.0"/>
  <testcase name="is1900ALeapYear()" classname="unitTests" time="0.001"/>
  <testcase name="is2014ALeapYear()" classname="unitTests" time="0.001"/>
  <system-out><![CDATA[]]></system-out>
  <system-err><![CDATA[]]></system-err>
</testsuite>
